  KeyTime.cpp
C:\Users\gamin\Documents\Final year uni\Comp-3016-30-\beat dungeon\Beat dungeon\KeyTime.cpp(6,111): warning C4244: '=': conversion from '_Rep' to 'double', possible loss of data
C:\Users\gamin\Documents\Final year uni\Comp-3016-30-\beat dungeon\Beat dungeon\KeyTime.cpp(6,111): warning C4244:         with
C:\Users\gamin\Documents\Final year uni\Comp-3016-30-\beat dungeon\Beat dungeon\KeyTime.cpp(6,111): warning C4244:         [
C:\Users\gamin\Documents\Final year uni\Comp-3016-30-\beat dungeon\Beat dungeon\KeyTime.cpp(6,111): warning C4244:             _Rep=__int64
C:\Users\gamin\Documents\Final year uni\Comp-3016-30-\beat dungeon\Beat dungeon\KeyTime.cpp(6,111): warning C4244:         ]
C:\Users\gamin\Documents\Final year uni\Comp-3016-30-\beat dungeon\Beat dungeon\KeyTime.cpp(44,20): warning C4838: conversion from 'int' to 'float' requires a narrowing conversion
C:\Users\gamin\Documents\Final year uni\Comp-3016-30-\beat dungeon\Beat dungeon\KeyTime.cpp(44,20): warning C4244: 'initializing': conversion from 'int' to 'float', possible loss of data
C:\Users\gamin\Documents\Final year uni\Comp-3016-30-\beat dungeon\Beat dungeon\KeyTime.cpp(44,23): warning C4838: conversion from 'int' to 'float' requires a narrowing conversion
C:\Users\gamin\Documents\Final year uni\Comp-3016-30-\beat dungeon\Beat dungeon\KeyTime.cpp(44,23): warning C4244: 'initializing': conversion from 'int' to 'float', possible loss of data
C:\Users\gamin\Documents\Final year uni\Comp-3016-30-\beat dungeon\Beat dungeon\KeyTime.cpp(44,26): warning C4838: conversion from 'int' to 'float' requires a narrowing conversion
C:\Users\gamin\Documents\Final year uni\Comp-3016-30-\beat dungeon\Beat dungeon\KeyTime.cpp(44,26): warning C4244: 'initializing': conversion from 'int' to 'float', possible loss of data
C:\Users\gamin\Documents\Final year uni\Comp-3016-30-\beat dungeon\Beat dungeon\KeyTime.cpp(44,32): warning C4838: conversion from 'int' to 'float' requires a narrowing conversion
C:\Users\gamin\Documents\Final year uni\Comp-3016-30-\beat dungeon\Beat dungeon\KeyTime.cpp(44,32): warning C4244: 'initializing': conversion from 'int' to 'float', possible loss of data
C:\Users\gamin\Documents\Final year uni\Comp-3016-30-\beat dungeon\Beat dungeon\KeyTime.cpp(73,26): warning C4838: conversion from 'double' to 'float' requires a narrowing conversion
C:\Users\gamin\Documents\Final year uni\Comp-3016-30-\beat dungeon\Beat dungeon\KeyTime.cpp(73,26): warning C4244: 'initializing': conversion from 'double' to 'float', possible loss of data
C:\Users\gamin\Documents\Final year uni\Comp-3016-30-\beat dungeon\Beat dungeon\KeyTime.cpp(73,38): warning C4838: conversion from 'double' to 'float' requires a narrowing conversion
C:\Users\gamin\Documents\Final year uni\Comp-3016-30-\beat dungeon\Beat dungeon\KeyTime.cpp(73,38): warning C4244: 'initializing': conversion from 'double' to 'float', possible loss of data
C:\Users\gamin\Documents\Final year uni\Comp-3016-30-\beat dungeon\Beat dungeon\KeyTime.cpp(73,54): warning C4838: conversion from 'int' to 'float' requires a narrowing conversion
C:\Users\gamin\Documents\Final year uni\Comp-3016-30-\beat dungeon\Beat dungeon\KeyTime.cpp(73,54): warning C4244: 'initializing': conversion from 'int' to 'float', possible loss of data
C:\Users\gamin\Documents\Final year uni\Comp-3016-30-\beat dungeon\Beat dungeon\KeyTime.cpp(73,64): warning C4838: conversion from 'int' to 'float' requires a narrowing conversion
C:\Users\gamin\Documents\Final year uni\Comp-3016-30-\beat dungeon\Beat dungeon\KeyTime.cpp(73,64): warning C4244: 'initializing': conversion from 'int' to 'float', possible loss of data
C:\Users\gamin\Documents\Final year uni\Comp-3016-30-\beat dungeon\Beat dungeon\KeyTime.cpp(79,23): warning C4838: conversion from 'int' to 'float' requires a narrowing conversion
C:\Users\gamin\Documents\Final year uni\Comp-3016-30-\beat dungeon\Beat dungeon\KeyTime.cpp(79,23): warning C4244: 'initializing': conversion from 'int' to 'float', possible loss of data
C:\Users\gamin\Documents\Final year uni\Comp-3016-30-\beat dungeon\Beat dungeon\KeyTime.cpp(79,34): warning C4838: conversion from 'int' to 'float' requires a narrowing conversion
C:\Users\gamin\Documents\Final year uni\Comp-3016-30-\beat dungeon\Beat dungeon\KeyTime.cpp(79,34): warning C4244: 'initializing': conversion from 'int' to 'float', possible loss of data
C:\Users\gamin\Documents\Final year uni\Comp-3016-30-\beat dungeon\Beat dungeon\KeyTime.cpp(79,47): warning C4838: conversion from 'int' to 'float' requires a narrowing conversion
C:\Users\gamin\Documents\Final year uni\Comp-3016-30-\beat dungeon\Beat dungeon\KeyTime.cpp(79,47): warning C4244: 'initializing': conversion from 'int' to 'float', possible loss of data
C:\Users\gamin\Documents\Final year uni\Comp-3016-30-\beat dungeon\Beat dungeon\KeyTime.cpp(79,55): warning C4838: conversion from 'int' to 'float' requires a narrowing conversion
C:\Users\gamin\Documents\Final year uni\Comp-3016-30-\beat dungeon\Beat dungeon\KeyTime.cpp(79,55): warning C4244: 'initializing': conversion from 'int' to 'float', possible loss of data
  Beat dungeon.vcxproj -> C:\Users\gamin\Documents\Final year uni\Comp-3016-30-\beat dungeon\Beat dungeon\x64\Debug\Beat dungeon.exe
