c:\users\gamin\documents\final year uni\comp-3016-30-\beat dungeon\beat dungeon\x64\debug\vc143.pdb
c:\users\gamin\documents\final year uni\comp-3016-30-\beat dungeon\beat dungeon\x64\debug\vc143.idb
c:\users\gamin\documents\final year uni\comp-3016-30-\beat dungeon\beat dungeon\x64\debug\main.obj
c:\users\gamin\documents\final year uni\comp-3016-30-\beat dungeon\beat dungeon\x64\debug\dungeon.obj
c:\users\gamin\documents\final year uni\comp-3016-30-\beat dungeon\beat dungeon\x64\debug\monster.obj
c:\users\gamin\documents\final year uni\comp-3016-30-\beat dungeon\beat dungeon\x64\debug\player.obj
c:\users\gamin\documents\final year uni\comp-3016-30-\beat dungeon\beat dungeon\x64\debug\gamemanager.obj
c:\users\gamin\documents\final year uni\comp-3016-30-\beat dungeon\beat dungeon\x64\debug\beat dungeon.exe
c:\users\gamin\documents\final year uni\comp-3016-30-\beat dungeon\beat dungeon\x64\debug\beat dungeon.ilk
c:\users\gamin\documents\final year uni\comp-3016-30-\beat dungeon\beat dungeon\x64\debug\beat dungeon.pdb
c:\users\gamin\documents\final year uni\comp-3016-30-\beat dungeon\beat dungeon\x64\debug\sdl3.ilk
c:\users\gamin\documents\final year uni\comp-3016-30-\beat dungeon\beat dungeon\x64\debug\sdl3_ttf.ilk
c:\users\gamin\documents\final year uni\comp-3016-30-\beat dungeon\beat dungeon\x64\debug\sdl3.exp
c:\users\gamin\documents\final year uni\comp-3016-30-\beat dungeon\beat dungeon\x64\debug\sdl3_ttf.exp
c:\users\gamin\documents\final year uni\comp-3016-30-\beat dungeon\beat dungeon\x64\debug\sdl3.pdb
c:\users\gamin\documents\final year uni\comp-3016-30-\beat dungeon\beat dungeon\x64\debug\sdl3_ttf.pdb
c:\users\gamin\documents\final year uni\comp-3016-30-\beat dungeon\beat dungeon\x64\debug\beat dungeon.tlog\cl.command.1.tlog
c:\users\gamin\documents\final year uni\comp-3016-30-\beat dungeon\beat dungeon\x64\debug\beat dungeon.tlog\cl.items.tlog
c:\users\gamin\documents\final year uni\comp-3016-30-\beat dungeon\beat dungeon\x64\debug\beat dungeon.tlog\cl.read.1.tlog
c:\users\gamin\documents\final year uni\comp-3016-30-\beat dungeon\beat dungeon\x64\debug\beat dungeon.tlog\cl.write.1.tlog
c:\users\gamin\documents\final year uni\comp-3016-30-\beat dungeon\beat dungeon\x64\debug\beat dungeon.tlog\link-cvtres.read.1.tlog
c:\users\gamin\documents\final year uni\comp-3016-30-\beat dungeon\beat dungeon\x64\debug\beat dungeon.tlog\link-cvtres.write.1.tlog
c:\users\gamin\documents\final year uni\comp-3016-30-\beat dungeon\beat dungeon\x64\debug\beat dungeon.tlog\link-rc.read.1.tlog
c:\users\gamin\documents\final year uni\comp-3016-30-\beat dungeon\beat dungeon\x64\debug\beat dungeon.tlog\link-rc.write.1.tlog
c:\users\gamin\documents\final year uni\comp-3016-30-\beat dungeon\beat dungeon\x64\debug\beat dungeon.tlog\link.25668-cvtres.read.1.tlog
c:\users\gamin\documents\final year uni\comp-3016-30-\beat dungeon\beat dungeon\x64\debug\beat dungeon.tlog\link.25668-cvtres.write.1.tlog
c:\users\gamin\documents\final year uni\comp-3016-30-\beat dungeon\beat dungeon\x64\debug\beat dungeon.tlog\link.25668-rc.read.1.tlog
c:\users\gamin\documents\final year uni\comp-3016-30-\beat dungeon\beat dungeon\x64\debug\beat dungeon.tlog\link.25668-rc.write.1.tlog
c:\users\gamin\documents\final year uni\comp-3016-30-\beat dungeon\beat dungeon\x64\debug\beat dungeon.tlog\link.25668.read.1.tlog
c:\users\gamin\documents\final year uni\comp-3016-30-\beat dungeon\beat dungeon\x64\debug\beat dungeon.tlog\link.25668.read.2.tlog
c:\users\gamin\documents\final year uni\comp-3016-30-\beat dungeon\beat dungeon\x64\debug\beat dungeon.tlog\link.25668.read.3.tlog
c:\users\gamin\documents\final year uni\comp-3016-30-\beat dungeon\beat dungeon\x64\debug\beat dungeon.tlog\link.25668.read.4.tlog
c:\users\gamin\documents\final year uni\comp-3016-30-\beat dungeon\beat dungeon\x64\debug\beat dungeon.tlog\link.25668.write.1.tlog
c:\users\gamin\documents\final year uni\comp-3016-30-\beat dungeon\beat dungeon\x64\debug\beat dungeon.tlog\link.command.1.tlog
c:\users\gamin\documents\final year uni\comp-3016-30-\beat dungeon\beat dungeon\x64\debug\beat dungeon.tlog\link.read.1.tlog
c:\users\gamin\documents\final year uni\comp-3016-30-\beat dungeon\beat dungeon\x64\debug\beat dungeon.tlog\link.read.2.tlog
c:\users\gamin\documents\final year uni\comp-3016-30-\beat dungeon\beat dungeon\x64\debug\beat dungeon.tlog\link.read.3.tlog
c:\users\gamin\documents\final year uni\comp-3016-30-\beat dungeon\beat dungeon\x64\debug\beat dungeon.tlog\link.read.4.tlog
c:\users\gamin\documents\final year uni\comp-3016-30-\beat dungeon\beat dungeon\x64\debug\beat dungeon.tlog\link.write.1.tlog
